0 info it worked if it ends with ok
1 verbose cli [ 'C:\\Program Files\\nodejs\\node.exe',
1 verbose cli   'C:\\Program Files\\nodejs\\node_modules\\npm\\bin\\npm-cli.js',
1 verbose cli   'run',
1 verbose cli   'watch' ]
2 info using npm@4.1.2
3 info using node@v7.7.3
4 verbose run-script [ 'prewatch', 'watch', 'postwatch' ]
5 info lifecycle bs@1.0.0~prewatch: bs@1.0.0
6 silly lifecycle bs@1.0.0~prewatch: no script for prewatch, continuing
7 info lifecycle bs@1.0.0~watch: bs@1.0.0
8 verbose lifecycle bs@1.0.0~watch: unsafe-perm in lifecycle true
9 verbose lifecycle bs@1.0.0~watch: PATH: C:\Program Files\nodejs\node_modules\npm\bin\node-gyp-bin;C:\Users\Pengg\Desktop\bs\node_modules\.bin;C:\Program Files (x86)\Common Files\NetSarang;C:\ProgramData\Oracle\Java\javapath;C:\Windows\system32;C:\Windows;C:\Windows\System32\Wbem;C:\Windows\System32\WindowsPowerShell\v1.0\;C:\Program Files\Microsoft SQL Server\110\Tools\Binn\;C:\Program Files (x86)\Microsoft SQL Server\110\Tools\Binn\;C:\Program Files\Microsoft SQL Server\110\DTS\Binn\;C:\Program Files (x86)\Microsoft SQL Server\110\Tools\Binn\ManagementStudio\;C:\Program Files (x86)\Microsoft SQL Server\110\DTS\Binn\;C:\Program Files (x86)\Windows Kits\8.1\Windows Performance Toolkit\;C:\Users\Pengg\AppData\Roaming\npm\node_modules\cordova\bin;C:\Program Files\apache-ant-1.9.6\bin;C:\Users\Pengg\AppData\Local\Android\sdk;C:\Program Files\VisualSVN Server\bin;C:\Program Files\TortoiseSVN\bin;E:\gradle-2.4\BIN;C:\Users\Pengg\AppData\Roaming\npm;C:\Users\Pengg\AppData\Local\Android\sdk\platform-tools;C:\Program Files\Git\cmd;C:\Python34;C:\Program Files\nodejs\;C:\Ruby22\bin;C:\Users\Pengg\AppData\Local\atom\bin;C:\Program Files (x86)\Microsoft VS Code\bin;C:\Users\Pengg\AppData\Roaming\npm
10 verbose lifecycle bs@1.0.0~watch: CWD: C:\Users\Pengg\Desktop\bs
11 silly lifecycle bs@1.0.0~watch: Args: [ '/d /s /c',
11 silly lifecycle   'webpack --config ./config/webpack.dev2.config.js --watch' ]
12 verbose stack Error: kill ENOSYS
12 verbose stack     at exports._errnoException (util.js:1033:11)
12 verbose stack     at process.kill (internal/process.js:188:13)
12 verbose stack     at process.listener (C:\Program Files\nodejs\node_modules\npm\node_modules\npmlog\node_modules\gauge\node_modules\signal-exit\index.js:95:15)
12 verbose stack     at emitNone (events.js:86:13)
12 verbose stack     at process.emit (events.js:188:7)
12 verbose stack     at processEmit (C:\Program Files\nodejs\node_modules\npm\node_modules\npmlog\node_modules\gauge\node_modules\signal-exit\index.js:155:32)
12 verbose stack     at Signal.wrap.onsignal (internal/process.js:215:44)
13 verbose cwd C:\Users\Pengg\Desktop\bs
14 error Windows_NT 6.3.9600
15 error argv "C:\\Program Files\\nodejs\\node.exe" "C:\\Program Files\\nodejs\\node_modules\\npm\\bin\\npm-cli.js" "run" "watch"
16 error node v7.7.3
17 error npm  v4.1.2
18 error code ENOSYS
19 error errno ENOSYS
20 error syscall kill
21 error kill ENOSYS
22 error If you need help, you may report this error at:
22 error     <https://github.com/npm/npm/issues>
23 verbose exit [ 1, true ]
